2023-09-25 16:39:19,545{GMT}	INFO	[jepsen test runner] jepsen.core: Command line:
lein run test -w echo --bin ../rustengan/target/debug/rustengan --node-count 1 --time-limit 10
2023-09-25 16:39:19,592{GMT}	INFO	[jepsen test runner] jepsen.core: Running test:
{:args []
 :remote
 #jepsen.control.retry.Remote{:remote #jepsen.control.scp.Remote{:cmd-remote #jepsen.control.sshj.SSHJRemote{:concurrency-limit 6,
                                                                                                             :conn-spec nil,
                                                                                                             :client nil,
                                                                                                             :semaphore nil},
                                                                 :conn-spec nil},
                              :conn nil}
 :log-net-send false
 :node-count 1
 :availability nil
 :max-txn-length 4
 :concurrency 1
 :db
 #object[maelstrom.db$db$reify__16142
         "0x685efb22"
         "maelstrom.db$db$reify__16142@685efb22"]
 :max-writes-per-key 16
 :leave-db-running? false
 :name "echo"
 :logging-json? false
 :start-time
 #object[org.joda.time.DateTime "0x756476a3" "2023-09-25T16:39:19.365-04:00"]
 :nemesis-interval 10
 :net
 #object[maelstrom.net$jepsen_net$reify__15251
         "0x65e4ee59"
         "maelstrom.net$jepsen_net$reify__15251@65e4ee59"]
 :client
 #object[maelstrom.workload.echo$client$reify__16863
         "0x4746d52d"
         "maelstrom.workload.echo$client$reify__16863@4746d52d"]
 :barrier
 #object[java.util.concurrent.CyclicBarrier
         "0x4d0927df"
         "java.util.concurrent.CyclicBarrier@4d0927df"]
 :log-stderr false
 :pure-generators true
 :ssh {:dummy? true}
 :rate 5
 :checker
 #object[jepsen.checker$compose$reify__11881
         "0x1b0e81b3"
         "jepsen.checker$compose$reify__11881@1b0e81b3"]
 :argv
 ("test"
  "-w"
  "echo"
  "--bin"
  "../rustengan/target/debug/rustengan"
  "--node-count"
  "1"
  "--time-limit"
  "10")
 :nemesis
 (jepsen.nemesis.ReflCompose
  {:fm {:start-partition 0,
        :stop-partition 0,
        :kill 1,
        :start 1,
        :pause 1,
        :resume 1},
   :nemeses [#unprintable "jepsen.nemesis.combined$partition_nemesis$reify__16416@59da32ad"
             #unprintable "jepsen.nemesis.combined$db_nemesis$reify__16397@28446b06"]})
 :nodes ["n0"]
 :test-count 1
 :latency {:mean 0, :dist :constant}
 :bin "../rustengan/target/debug/rustengan"
 :generator
 (jepsen.generator.TimeLimit
  {:limit 10000000000,
   :cutoff nil,
   :gen (jepsen.generator.Any
         {:gens [(jepsen.generator.OnThreads
                  {:f #{:nemesis},
                   :context-filter #object[jepsen.generator.context$make_thread_filter$lazy_filter__9167
                                           "0x56de370d"
                                           "jepsen.generator.context$make_thread_filter$lazy_filter__9167@56de370d"],
                   :gen nil})
                 (jepsen.generator.OnThreads
                  {:f #jepsen.generator.context.AllBut{:element :nemesis},
                   :context-filter #object[jepsen.generator.context$make_thread_filter$lazy_filter__9167
                                           "0x1f6865ca"
                                           "jepsen.generator.context$make_thread_filter$lazy_filter__9167@1f6865ca"],
                   :gen (jepsen.generator.Stagger
                         {:dt 400000000,
                          :next-time nil,
                          :gen (jepsen.generator.EachThread
                                {:fresh-gen #object[maelstrom.workload.echo$workload$fn__16882
                                                    "0x6044311a"
                                                    "maelstrom.workload.echo$workload$fn__16882@6044311a"],
                                 :context-filters #object[clojure.core$promise$reify__8591
                                                          "0x7416b560"
                                                          {:status :pending,
                                                           :val nil}],
                                 :gens {}})})})]})})
 :log-net-recv false
 :os
 #object[maelstrom.net$jepsen_os$reify__15254
         "0x53d782b0"
         "maelstrom.net$jepsen_os$reify__15254@53d782b0"]
 :time-limit 10
 :workload :echo
 :consistency-models [:strict-serializable]
 :topology :grid}

