2023-09-25 17:08:55,156{GMT}	INFO	[jepsen test runner] jepsen.core: Command line:
lein run test -w echo --bin ../rustengan/target/debug/rustengan --node-count 1 --time-limit 10
2023-09-25 17:08:55,209{GMT}	INFO	[jepsen test runner] jepsen.core: Running test:
{:args []
 :remote
 #jepsen.control.retry.Remote{:remote #jepsen.control.scp.Remote{:cmd-remote #jepsen.control.sshj.SSHJRemote{:concurrency-limit 6,
                                                                                                             :conn-spec nil,
                                                                                                             :client nil,
                                                                                                             :semaphore nil},
                                                                 :conn-spec nil},
                              :conn nil}
 :log-net-send false
 :node-count 1
 :availability nil
 :max-txn-length 4
 :concurrency 1
 :db
 #object[maelstrom.db$db$reify__16142
         "0x685efb22"
         "maelstrom.db$db$reify__16142@685efb22"]
 :max-writes-per-key 16
 :leave-db-running? false
 :name "echo"
 :logging-json? false
 :start-time
 #object[org.joda.time.DateTime "0x756476a3" "2023-09-25T17:08:55.052-04:00"]
 :nemesis-interval 10
 :net
 #object[maelstrom.net$jepsen_net$reify__15251
         "0x65e4ee59"
         "maelstrom.net$jepsen_net$reify__15251@65e4ee59"]
 :client
 #object[maelstrom.workload.echo$client$reify__16863
         "0x4746d52d"
         "maelstrom.workload.echo$client$reify__16863@4746d52d"]
 :barrier
 #object[java.util.concurrent.CyclicBarrier
         "0x4d0927df"
         "java.util.concurrent.CyclicBarrier@4d0927df"]
 :log-stderr false
 :pure-generators true
 :ssh {:dummy? true}
 :rate 5
 :checker
 #object[jepsen.checker$compose$reify__11881
         "0x1b0e81b3"
         "jepsen.checker$compose$reify__11881@1b0e81b3"]
 :argv
 ("test"
  "-w"
  "echo"
  "--bin"
  "../rustengan/target/debug/rustengan"
  "--node-count"
  "1"
  "--time-limit"
  "10")
 :nemesis
 (jepsen.nemesis.ReflCompose
  {:fm {:start-partition 0,
        :stop-partition 0,
        :kill 1,
        :start 1,
        :pause 1,
        :resume 1},
   :nemeses [#unprintable "jepsen.nemesis.combined$partition_nemesis$reify__16416@59da32ad"
             #unprintable "jepsen.nemesis.combined$db_nemesis$reify__16397@28446b06"]})
 :nodes ["n0"]
 :test-count 1
 :latency {:mean 0, :dist :constant}
 :bin "../rustengan/target/debug/rustengan"
 :generator
 (jepsen.generator.TimeLimit
  {:limit 10000000000,
   :cutoff nil,
   :gen (jepsen.generator.Any
         {:gens [(jepsen.generator.OnThreads
                  {:f #{:nemesis},
                   :context-filter #object[jepsen.generator.context$make_thread_filter$lazy_filter__9167
                                           "0x56de370d"
                                           "jepsen.generator.context$make_thread_filter$lazy_filter__9167@56de370d"],
                   :gen nil})
                 (jepsen.generator.OnThreads
                  {:f #jepsen.generator.context.AllBut{:element :nemesis},
                   :context-filter #object[jepsen.generator.context$make_thread_filter$lazy_filter__9167
                                           "0x1f6865ca"
                                           "jepsen.generator.context$make_thread_filter$lazy_filter__9167@1f6865ca"],
                   :gen (jepsen.generator.Stagger
                         {:dt 400000000,
                          :next-time nil,
                          :gen (jepsen.generator.EachThread
                                {:fresh-gen #object[maelstrom.workload.echo$workload$fn__16882
                                                    "0x6044311a"
                                                    "maelstrom.workload.echo$workload$fn__16882@6044311a"],
                                 :context-filters #object[clojure.core$promise$reify__8591
                                                          "0x7416b560"
                                                          {:status :pending,
                                                           :val nil}],
                                 :gens {}})})})]})})
 :log-net-recv false
 :os
 #object[maelstrom.net$jepsen_os$reify__15254
         "0x53d782b0"
         "maelstrom.net$jepsen_os$reify__15254@53d782b0"]
 :time-limit 10
 :workload :echo
 :consistency-models [:strict-serializable]
 :topology :grid}

2023-09-25 17:08:56,391{GMT}	INFO	[jepsen node n0] maelstrom.net: Starting Maelstrom network
2023-09-25 17:08:56,392{GMT}	INFO	[jepsen test runner] jepsen.db: Tearing down DB
2023-09-25 17:08:56,393{GMT}	INFO	[jepsen test runner] jepsen.db: Setting up DB
2023-09-25 17:08:56,395{GMT}	INFO	[jepsen node n0] maelstrom.service: Starting services: (lin-kv lin-tso lww-kv seq-kv)
2023-09-25 17:08:56,396{GMT}	INFO	[jepsen node n0] maelstrom.db: Setting up n0
2023-09-25 17:08:56,397{GMT}	INFO	[jepsen node n0] maelstrom.process: launching ../rustengan/target/debug/rustengan []
2023-09-25 17:08:56,623{GMT}	INFO	[jepsen test runner] jepsen.core: Relative time begins now
2023-09-25 17:08:56,633{GMT}	INFO	[jepsen worker 0] jepsen.util: 0	:invoke	:echo	"Please echo 6"
2023-09-25 17:08:56,637{GMT}	INFO	[jepsen worker 0] jepsen.util: 0	:ok	:echo	{:msg_id 1, :in_reply_to 1, :type "echo_ok", :echo "Please echo 6"}
2023-09-25 17:08:56,871{GMT}	INFO	[jepsen worker 0] jepsen.util: 0	:invoke	:echo	"Please echo 38"
2023-09-25 17:08:56,871{GMT}	INFO	[jepsen worker 0] jepsen.util: 0	:ok	:echo	{:msg_id 2, :in_reply_to 2, :type "echo_ok", :echo "Please echo 38"}
2023-09-25 17:08:57,226{GMT}	INFO	[jepsen worker 0] jepsen.util: 0	:invoke	:echo	"Please echo 49"
2023-09-25 17:08:57,230{GMT}	INFO	[jepsen worker 0] jepsen.util: 0	:ok	:echo	{:msg_id 3, :in_reply_to 3, :type "echo_ok", :echo "Please echo 49"}
2023-09-25 17:08:57,549{GMT}	INFO	[jepsen worker 0] jepsen.util: 0	:invoke	:echo	"Please echo 1"
2023-09-25 17:08:57,553{GMT}	INFO	[jepsen worker 0] jepsen.util: 0	:ok	:echo	{:msg_id 4, :in_reply_to 4, :type "echo_ok", :echo "Please echo 1"}
2023-09-25 17:08:57,664{GMT}	INFO	[jepsen worker 0] jepsen.util: 0	:invoke	:echo	"Please echo 89"
2023-09-25 17:08:57,668{GMT}	INFO	[jepsen worker 0] jepsen.util: 0	:ok	:echo	{:msg_id 5, :in_reply_to 5, :type "echo_ok", :echo "Please echo 89"}
2023-09-25 17:08:58,016{GMT}	INFO	[jepsen worker 0] jepsen.util: 0	:invoke	:echo	"Please echo 82"
2023-09-25 17:08:58,020{GMT}	INFO	[jepsen worker 0] jepsen.util: 0	:ok	:echo	{:msg_id 6, :in_reply_to 6, :type "echo_ok", :echo "Please echo 82"}
2023-09-25 17:08:58,086{GMT}	INFO	[jepsen worker 0] jepsen.util: 0	:invoke	:echo	"Please echo 107"
2023-09-25 17:08:58,087{GMT}	INFO	[jepsen worker 0] jepsen.util: 0	:ok	:echo	{:msg_id 7, :in_reply_to 7, :type "echo_ok", :echo "Please echo 107"}
2023-09-25 17:08:58,105{GMT}	INFO	[jepsen worker 0] jepsen.util: 0	:invoke	:echo	"Please echo 47"
2023-09-25 17:08:58,106{GMT}	INFO	[jepsen worker 0] jepsen.util: 0	:ok	:echo	{:msg_id 8, :in_reply_to 8, :type "echo_ok", :echo "Please echo 47"}
2023-09-25 17:08:58,413{GMT}	INFO	[jepsen worker 0] jepsen.util: 0	:invoke	:echo	"Please echo 4"
2023-09-25 17:08:58,417{GMT}	INFO	[jepsen worker 0] jepsen.util: 0	:ok	:echo	{:msg_id 9, :in_reply_to 9, :type "echo_ok", :echo "Please echo 4"}
2023-09-25 17:08:58,439{GMT}	INFO	[jepsen worker 0] jepsen.util: 0	:invoke	:echo	"Please echo 124"
2023-09-25 17:08:58,440{GMT}	INFO	[jepsen worker 0] jepsen.util: 0	:ok	:echo	{:msg_id 10, :in_reply_to 10, :type "echo_ok", :echo "Please echo 124"}
2023-09-25 17:08:58,768{GMT}	INFO	[jepsen worker 0] jepsen.util: 0	:invoke	:echo	"Please echo 16"
2023-09-25 17:08:58,769{GMT}	INFO	[jepsen worker 0] jepsen.util: 0	:ok	:echo	{:msg_id 11, :in_reply_to 11, :type "echo_ok", :echo "Please echo 16"}
2023-09-25 17:08:59,036{GMT}	INFO	[jepsen worker 0] jepsen.util: 0	:invoke	:echo	"Please echo 32"
2023-09-25 17:08:59,037{GMT}	INFO	[jepsen worker 0] jepsen.util: 0	:ok	:echo	{:msg_id 12, :in_reply_to 12, :type "echo_ok", :echo "Please echo 32"}
2023-09-25 17:08:59,046{GMT}	INFO	[jepsen worker 0] jepsen.util: 0	:invoke	:echo	"Please echo 46"
2023-09-25 17:08:59,047{GMT}	INFO	[jepsen worker 0] jepsen.util: 0	:ok	:echo	{:msg_id 13, :in_reply_to 13, :type "echo_ok", :echo "Please echo 46"}
2023-09-25 17:08:59,154{GMT}	INFO	[jepsen worker 0] jepsen.util: 0	:invoke	:echo	"Please echo 83"
2023-09-25 17:08:59,156{GMT}	INFO	[jepsen worker 0] jepsen.util: 0	:ok	:echo	{:msg_id 14, :in_reply_to 14, :type "echo_ok", :echo "Please echo 83"}
2023-09-25 17:08:59,483{GMT}	INFO	[jepsen worker 0] jepsen.util: 0	:invoke	:echo	"Please echo 124"
2023-09-25 17:08:59,484{GMT}	INFO	[jepsen worker 0] jepsen.util: 0	:ok	:echo	{:msg_id 15, :in_reply_to 15, :type "echo_ok", :echo "Please echo 124"}
2023-09-25 17:08:59,803{GMT}	INFO	[jepsen worker 0] jepsen.util: 0	:invoke	:echo	"Please echo 15"
2023-09-25 17:08:59,806{GMT}	INFO	[jepsen worker 0] jepsen.util: 0	:ok	:echo	{:msg_id 16, :in_reply_to 16, :type "echo_ok", :echo "Please echo 15"}
2023-09-25 17:09:00,143{GMT}	INFO	[jepsen worker 0] jepsen.util: 0	:invoke	:echo	"Please echo 76"
2023-09-25 17:09:00,145{GMT}	INFO	[jepsen worker 0] jepsen.util: 0	:ok	:echo	{:msg_id 17, :in_reply_to 17, :type "echo_ok", :echo "Please echo 76"}
2023-09-25 17:09:00,534{GMT}	INFO	[jepsen worker 0] jepsen.util: 0	:invoke	:echo	"Please echo 90"
2023-09-25 17:09:00,535{GMT}	INFO	[jepsen worker 0] jepsen.util: 0	:ok	:echo	{:msg_id 18, :in_reply_to 18, :type "echo_ok", :echo "Please echo 90"}
2023-09-25 17:09:00,535{GMT}	INFO	[jepsen worker 0] jepsen.util: 0	:invoke	:echo	"Please echo 62"
2023-09-25 17:09:00,536{GMT}	INFO	[jepsen worker 0] jepsen.util: 0	:ok	:echo	{:msg_id 19, :in_reply_to 19, :type "echo_ok", :echo "Please echo 62"}
2023-09-25 17:09:00,771{GMT}	INFO	[jepsen worker 0] jepsen.util: 0	:invoke	:echo	"Please echo 69"
2023-09-25 17:09:00,773{GMT}	INFO	[jepsen worker 0] jepsen.util: 0	:ok	:echo	{:msg_id 20, :in_reply_to 20, :type "echo_ok", :echo "Please echo 69"}
2023-09-25 17:09:00,949{GMT}	INFO	[jepsen worker 0] jepsen.util: 0	:invoke	:echo	"Please echo 70"
2023-09-25 17:09:00,950{GMT}	INFO	[jepsen worker 0] jepsen.util: 0	:ok	:echo	{:msg_id 21, :in_reply_to 21, :type "echo_ok", :echo "Please echo 70"}
2023-09-25 17:09:01,131{GMT}	INFO	[jepsen worker 0] jepsen.util: 0	:invoke	:echo	"Please echo 127"
2023-09-25 17:09:01,132{GMT}	INFO	[jepsen worker 0] jepsen.util: 0	:ok	:echo	{:msg_id 22, :in_reply_to 22, :type "echo_ok", :echo "Please echo 127"}
2023-09-25 17:09:01,162{GMT}	INFO	[jepsen worker 0] jepsen.util: 0	:invoke	:echo	"Please echo 74"
2023-09-25 17:09:01,163{GMT}	INFO	[jepsen worker 0] jepsen.util: 0	:ok	:echo	{:msg_id 23, :in_reply_to 23, :type "echo_ok", :echo "Please echo 74"}
2023-09-25 17:09:01,431{GMT}	INFO	[jepsen worker 0] jepsen.util: 0	:invoke	:echo	"Please echo 106"
2023-09-25 17:09:01,434{GMT}	INFO	[jepsen worker 0] jepsen.util: 0	:ok	:echo	{:msg_id 24, :in_reply_to 24, :type "echo_ok", :echo "Please echo 106"}
2023-09-25 17:09:01,632{GMT}	INFO	[jepsen worker 0] jepsen.util: 0	:invoke	:echo	"Please echo 100"
2023-09-25 17:09:01,634{GMT}	INFO	[jepsen worker 0] jepsen.util: 0	:ok	:echo	{:msg_id 25, :in_reply_to 25, :type "echo_ok", :echo "Please echo 100"}
2023-09-25 17:09:01,832{GMT}	INFO	[jepsen worker 0] jepsen.util: 0	:invoke	:echo	"Please echo 73"
2023-09-25 17:09:01,835{GMT}	INFO	[jepsen worker 0] jepsen.util: 0	:ok	:echo	{:msg_id 26, :in_reply_to 26, :type "echo_ok", :echo "Please echo 73"}
2023-09-25 17:09:02,158{GMT}	INFO	[jepsen worker 0] jepsen.util: 0	:invoke	:echo	"Please echo 82"
2023-09-25 17:09:02,162{GMT}	INFO	[jepsen worker 0] jepsen.util: 0	:ok	:echo	{:msg_id 27, :in_reply_to 27, :type "echo_ok", :echo "Please echo 82"}
2023-09-25 17:09:02,544{GMT}	INFO	[jepsen worker 0] jepsen.util: 0	:invoke	:echo	"Please echo 82"
2023-09-25 17:09:02,546{GMT}	INFO	[jepsen worker 0] jepsen.util: 0	:ok	:echo	{:msg_id 28, :in_reply_to 28, :type "echo_ok", :echo "Please echo 82"}
2023-09-25 17:09:02,728{GMT}	INFO	[jepsen worker 0] jepsen.util: 0	:invoke	:echo	"Please echo 50"
2023-09-25 17:09:02,729{GMT}	INFO	[jepsen worker 0] jepsen.util: 0	:ok	:echo	{:msg_id 29, :in_reply_to 29, :type "echo_ok", :echo "Please echo 50"}
2023-09-25 17:09:02,811{GMT}	INFO	[jepsen worker 0] jepsen.util: 0	:invoke	:echo	"Please echo 125"
2023-09-25 17:09:02,813{GMT}	INFO	[jepsen worker 0] jepsen.util: 0	:ok	:echo	{:msg_id 30, :in_reply_to 30, :type "echo_ok", :echo "Please echo 125"}
2023-09-25 17:09:03,047{GMT}	INFO	[jepsen worker 0] jepsen.util: 0	:invoke	:echo	"Please echo 19"
2023-09-25 17:09:03,049{GMT}	INFO	[jepsen worker 0] jepsen.util: 0	:ok	:echo	{:msg_id 31, :in_reply_to 31, :type "echo_ok", :echo "Please echo 19"}
2023-09-25 17:09:03,423{GMT}	INFO	[jepsen worker 0] jepsen.util: 0	:invoke	:echo	"Please echo 97"
2023-09-25 17:09:03,428{GMT}	INFO	[jepsen worker 0] jepsen.util: 0	:ok	:echo	{:msg_id 32, :in_reply_to 32, :type "echo_ok", :echo "Please echo 97"}
2023-09-25 17:09:03,554{GMT}	INFO	[jepsen worker 0] jepsen.util: 0	:invoke	:echo	"Please echo 41"
2023-09-25 17:09:03,555{GMT}	INFO	[jepsen worker 0] jepsen.util: 0	:ok	:echo	{:msg_id 33, :in_reply_to 33, :type "echo_ok", :echo "Please echo 41"}
2023-09-25 17:09:03,669{GMT}	INFO	[jepsen worker 0] jepsen.util: 0	:invoke	:echo	"Please echo 39"
2023-09-25 17:09:03,671{GMT}	INFO	[jepsen worker 0] jepsen.util: 0	:ok	:echo	{:msg_id 34, :in_reply_to 34, :type "echo_ok", :echo "Please echo 39"}
2023-09-25 17:09:03,897{GMT}	INFO	[jepsen worker 0] jepsen.util: 0	:invoke	:echo	"Please echo 120"
2023-09-25 17:09:03,899{GMT}	INFO	[jepsen worker 0] jepsen.util: 0	:ok	:echo	{:msg_id 35, :in_reply_to 35, :type "echo_ok", :echo "Please echo 120"}
2023-09-25 17:09:04,150{GMT}	INFO	[jepsen worker 0] jepsen.util: 0	:invoke	:echo	"Please echo 127"
2023-09-25 17:09:04,152{GMT}	INFO	[jepsen worker 0] jepsen.util: 0	:ok	:echo	{:msg_id 36, :in_reply_to 36, :type "echo_ok", :echo "Please echo 127"}
2023-09-25 17:09:04,520{GMT}	INFO	[jepsen worker 0] jepsen.util: 0	:invoke	:echo	"Please echo 89"
2023-09-25 17:09:04,522{GMT}	INFO	[jepsen worker 0] jepsen.util: 0	:ok	:echo	{:msg_id 37, :in_reply_to 37, :type "echo_ok", :echo "Please echo 89"}
2023-09-25 17:09:04,700{GMT}	INFO	[jepsen worker 0] jepsen.util: 0	:invoke	:echo	"Please echo 48"
2023-09-25 17:09:04,701{GMT}	INFO	[jepsen worker 0] jepsen.util: 0	:ok	:echo	{:msg_id 38, :in_reply_to 38, :type "echo_ok", :echo "Please echo 48"}
2023-09-25 17:09:04,759{GMT}	INFO	[jepsen worker 0] jepsen.util: 0	:invoke	:echo	"Please echo 74"
2023-09-25 17:09:04,763{GMT}	INFO	[jepsen worker 0] jepsen.util: 0	:ok	:echo	{:msg_id 39, :in_reply_to 39, :type "echo_ok", :echo "Please echo 74"}
2023-09-25 17:09:04,803{GMT}	INFO	[jepsen worker 0] jepsen.util: 0	:invoke	:echo	"Please echo 30"
2023-09-25 17:09:04,806{GMT}	INFO	[jepsen worker 0] jepsen.util: 0	:ok	:echo	{:msg_id 40, :in_reply_to 40, :type "echo_ok", :echo "Please echo 30"}
2023-09-25 17:09:05,084{GMT}	INFO	[jepsen worker 0] jepsen.util: 0	:invoke	:echo	"Please echo 26"
2023-09-25 17:09:05,085{GMT}	INFO	[jepsen worker 0] jepsen.util: 0	:ok	:echo	{:msg_id 41, :in_reply_to 41, :type "echo_ok", :echo "Please echo 26"}
2023-09-25 17:09:05,322{GMT}	INFO	[jepsen worker 0] jepsen.util: 0	:invoke	:echo	"Please echo 83"
2023-09-25 17:09:05,325{GMT}	INFO	[jepsen worker 0] jepsen.util: 0	:ok	:echo	{:msg_id 42, :in_reply_to 42, :type "echo_ok", :echo "Please echo 83"}
2023-09-25 17:09:05,413{GMT}	INFO	[jepsen worker 0] jepsen.util: 0	:invoke	:echo	"Please echo 87"
2023-09-25 17:09:05,415{GMT}	INFO	[jepsen worker 0] jepsen.util: 0	:ok	:echo	{:msg_id 43, :in_reply_to 43, :type "echo_ok", :echo "Please echo 87"}
2023-09-25 17:09:05,765{GMT}	INFO	[jepsen worker 0] jepsen.util: 0	:invoke	:echo	"Please echo 93"
2023-09-25 17:09:05,767{GMT}	INFO	[jepsen worker 0] jepsen.util: 0	:ok	:echo	{:msg_id 44, :in_reply_to 44, :type "echo_ok", :echo "Please echo 93"}
2023-09-25 17:09:06,085{GMT}	INFO	[jepsen worker 0] jepsen.util: 0	:invoke	:echo	"Please echo 33"
2023-09-25 17:09:06,090{GMT}	INFO	[jepsen worker 0] jepsen.util: 0	:ok	:echo	{:msg_id 45, :in_reply_to 45, :type "echo_ok", :echo "Please echo 33"}
2023-09-25 17:09:06,415{GMT}	INFO	[jepsen worker 0] jepsen.util: 0	:invoke	:echo	"Please echo 99"
2023-09-25 17:09:06,417{GMT}	INFO	[jepsen worker 0] jepsen.util: 0	:ok	:echo	{:msg_id 46, :in_reply_to 46, :type "echo_ok", :echo "Please echo 99"}
2023-09-25 17:09:06,443{GMT}	INFO	[jepsen test runner] jepsen.core: Run complete, writing
2023-09-25 17:09:06,484{GMT}	INFO	[jepsen node n0] maelstrom.db: Tearing down n0
2023-09-25 17:09:07,439{GMT}	INFO	[jepsen node n0] maelstrom.net: Shutting down Maelstrom network
2023-09-25 17:09:07,439{GMT}	INFO	[jepsen test runner] jepsen.core: Analyzing...
2023-09-25 17:09:10,626{GMT}	INFO	[jepsen test runner] jepsen.core: Analysis complete
2023-09-25 17:09:10,673{GMT}	INFO	[jepsen results] jepsen.store: Wrote /Users/nishanthrs/Distributed Systems Challenges/maelstrom/store/echo/20230925T170855.052-0400/results.edn
2023-09-25 17:09:10,686{GMT}	INFO	[jepsen test runner] jepsen.core: {:perf {:latency-graph {:valid? true},
        :rate-graph {:valid? true},
        :valid? true},
 :timeline {:valid? true},
 :exceptions {:valid? true},
 :stats {:valid? true,
         :count 46,
         :ok-count 46,
         :fail-count 0,
         :info-count 0,
         :by-f {:echo {:valid? true,
                       :count 46,
                       :ok-count 46,
                       :fail-count 0,
                       :info-count 0}}},
 :availability {:valid? true, :ok-fraction 1.0},
 :net {:all {:send-count 94,
             :recv-count 94,
             :msg-count 94,
             :msgs-per-op 2.0434783},
       :clients {:send-count 94, :recv-count 94, :msg-count 94},
       :servers {:send-count 0,
                 :recv-count 0,
                 :msg-count 0,
                 :msgs-per-op 0.0},
       :valid? true},
 :workload {:valid? true, :errors ()},
 :valid? true}


Everything looks good! ヽ(‘ー`)ノ
